#
# There is insufficient memory for the Java Runtime Environment to continue.
# Native memory allocation (malloc) failed to allocate 703216 bytes for Chunk::new
# Possible reasons:
#   The system is out of physical RAM or swap space
#   The process is running with CompressedOops enabled, and the Java Heap may be blocking the growth of the native heap
# Possible solutions:
#   Reduce memory load on the system
#   Increase physical memory or swap space
#   Check if swap backing store is full
#   Decrease Java heap size (-Xmx/-Xms)
#   Decrease number of Java threads
#   Decrease Java thread stack sizes (-Xss)
#   Set larger code cache with -XX:ReservedCodeCacheSize=
#   JVM is running with Unscaled Compressed Oops mode in which the Java heap is
#     placed in the first 4GB address space. The Java Heap base address is the
#     maximum limit for the native heap growth. Please use -XX:HeapBaseMinAddress
#     to set the Java Heap base and to place the Java Heap above 4GB virtual address.
# This output file may be truncated or incomplete.
#
#  Out of Memory Error (./open/src/hotspot/share/memory/arena.cpp:197), pid=23760, tid=1084
#
# JRE version: Java(TM) SE Runtime Environment 18.9 (11.0.18+9) (build 11.0.18+9-LTS-195)
# Java VM: Java HotSpot(TM) 64-Bit Server VM 18.9 (11.0.18+9-LTS-195, mixed mode, tiered, compressed oops, g1 gc, windows-amd64)
# No core dump will be written. Minidumps are not enabled by default on client versions of Windows
#

---------------  S U M M A R Y ------------

Command Line: -javaagent:C:\Program Files\JetBrains\IntelliJ IDEA Community Edition 2022.3.2\lib\idea_rt.jar=54895:C:\Program Files\JetBrains\IntelliJ IDEA Community Edition 2022.3.2\bin -Dfile.encoding=UTF-8 --module-path=C:\Users\Victor Motta\.m2\repository\org\openjfx\javafx-controls\17.0.2\javafx-controls-17.0.2-win.jar;C:\Users\Victor Motta\IdeaProjects\HangmanGame\target\classes;C:\Users\Victor Motta\.m2\repository\org\openjfx\javafx-fxml\17.0.2\javafx-fxml-17.0.2-win.jar;C:\Users\Victor Motta\.m2\repository\org\openjfx\javafx-graphics\17.0.2\javafx-graphics-17.0.2-win.jar;C:\Users\Victor Motta\.m2\repository\org\openjfx\javafx-base\17.0.2\javafx-base-17.0.2-win.jar -Djdk.module.main=com.example.hangmangame com.example.hangmangame/com.example.hangmangame.HangmanGame

Host: Intel(R) Core(TM) i7-8550U CPU @ 1.80GHz, 8 cores, 7G,  Windows 11 , 64 bit Build 22621 (10.0.22621.1194)
Time: Wed Mar  1 17:05:02 2023 Eastern Standard Time elapsed time: 1.357172 seconds (0d 0h 0m 1s)

---------------  T H R E A D  ---------------

Current thread (0x00000245a1be5800):  JavaThread "C2 CompilerThread0" daemon [_thread_in_native, id=1084, stack(0x0000007291e00000,0x0000007291f00000)]


Current CompileTask:
C2:   1357 1187       4       java.io.DataInputStream::readUTF (501 bytes)

Stack: [0x0000007291e00000,0x0000007291f00000]
Native frames: (J=compiled Java code, j=interpreted, Vv=VM code, C=native code)
V  [jvm.dll+0x65d8aa]
V  [jvm.dll+0x79fc1f]
V  [jvm.dll+0x7a12e9]
V  [jvm.dll+0x7a1983]
V  [jvm.dll+0x2585b5]
V  [jvm.dll+0xb284c]
V  [jvm.dll+0xb2e0c]
V  [jvm.dll+0x365ddf]
V  [jvm.dll+0x32eb15]
V  [jvm.dll+0x32defa]
V  [jvm.dll+0x2113ad]
V  [jvm.dll+0x210378]
V  [jvm.dll+0x18c641]
V  [jvm.dll+0x220609]
V  [jvm.dll+0x21e92c]
V  [jvm.dll+0x763f61]
V  [jvm.dll+0x75c924]
V  [jvm.dll+0x65c755]
C  [ucrtbase.dll+0x29363]
C  [KERNEL32.DLL+0x126bd]
C  [ntdll.dll+0x5dfb8]


---------------  P R O C E S S  ---------------

Threads class SMR info:
_java_thread_list=0x00000245a2c44350, length=17, elements={
0x00000245832a5800, 0x00000245a127d800, 0x00000245a1286800, 0x00000245a1296800,
0x00000245a1297800, 0x00000245a129b000, 0x00000245a1be5800, 0x00000245a1be7000,
0x00000245a1bf3800, 0x00000245a1d3c000, 0x00000245a1d3b800, 0x00000245a1d3d000,
0x00000245a1d39000, 0x00000245a1d3a000, 0x00000245a1d3e800, 0x00000245a1d3e000,
0x00000245a2c43800
}

Java Threads: ( => current thread )
  0x00000245832a5800 JavaThread "main" [_thread_blocked, id=13112, stack(0x0000007291200000,0x0000007291300000)]
  0x00000245a127d800 JavaThread "Reference Handler" daemon [_thread_blocked, id=13848, stack(0x0000007291900000,0x0000007291a00000)]
  0x00000245a1286800 JavaThread "Finalizer" daemon [_thread_blocked, id=1836, stack(0x0000007291a00000,0x0000007291b00000)]
  0x00000245a1296800 JavaThread "Signal Dispatcher" daemon [_thread_blocked, id=12696, stack(0x0000007291b00000,0x0000007291c00000)]
  0x00000245a1297800 JavaThread "Attach Listener" daemon [_thread_blocked, id=17980, stack(0x0000007291c00000,0x0000007291d00000)]
  0x00000245a129b000 JavaThread "Service Thread" daemon [_thread_blocked, id=4188, stack(0x0000007291d00000,0x0000007291e00000)]
=>0x00000245a1be5800 JavaThread "C2 CompilerThread0" daemon [_thread_in_native, id=1084, stack(0x0000007291e00000,0x0000007291f00000)]
  0x00000245a1be7000 JavaThread "C1 CompilerThread0" daemon [_thread_blocked, id=13556, stack(0x0000007291f00000,0x0000007292000000)]
  0x00000245a1bf3800 JavaThread "Sweeper thread" daemon [_thread_blocked, id=17072, stack(0x0000007292000000,0x0000007292100000)]
  0x00000245a1d3c000 JavaThread "Common-Cleaner" daemon [_thread_blocked, id=13972, stack(0x0000007292100000,0x0000007292200000)]
  0x00000245a1d3b800 JavaThread "Monitor Ctrl-Break" daemon [_thread_in_native, id=19364, stack(0x0000007292300000,0x0000007292400000)]
  0x00000245a1d3d000 JavaThread "QuantumRenderer-0" daemon [_thread_blocked, id=18988, stack(0x0000007292500000,0x0000007292600000)]
  0x00000245a1d39000 JavaThread "InvokeLaterDispatcher" daemon [_thread_blocked, id=24256, stack(0x0000007292600000,0x0000007292700000)]
  0x00000245a1d3a000 JavaThread "JavaFX Application Thread" [_thread_blocked, id=22568, stack(0x0000007292700000,0x0000007292800000)]
  0x00000245a1d3e800 JavaThread "Thread-1" daemon [_thread_blocked, id=21448, stack(0x0000007292b00000,0x0000007292c00000)]
  0x00000245a1d3e000 JavaThread "JavaFX-Launcher" [_thread_blocked, id=12180, stack(0x0000007292c00000,0x0000007292d00000)]
  0x00000245a2c43800 JavaThread "C2 CompilerThread1" daemon [_thread_in_native, id=17604, stack(0x0000007292200000,0x0000007292300000)]

Other Threads:
  0x00000245a125a800 VMThread "VM Thread" [stack: 0x0000007291800000,0x0000007291900000] [id=17092]
  0x00000245a252c800 WatcherThread [stack: 0x0000007292400000,0x0000007292500000] [id=12856]
  0x00000245832b8000 GCTaskThread "GC Thread#0" [stack: 0x0000007291300000,0x0000007291400000] [id=11032]
  0x00000245a2ddc000 GCTaskThread "GC Thread#1" [stack: 0x0000007292d00000,0x0000007292e00000] [id=1400]
  0x00000245a2ddc800 GCTaskThread "GC Thread#2" [stack: 0x0000007292e00000,0x0000007292f00000] [id=3428]
  0x00000245a2ddd000 GCTaskThread "GC Thread#3" [stack: 0x0000007292f00000,0x0000007293000000] [id=24432]
  0x00000245a2dde000 GCTaskThread "GC Thread#4" [stack: 0x0000007293000000,0x0000007293100000] [id=23208]
  0x00000245a2d9d000 GCTaskThread "GC Thread#5" [stack: 0x0000007293100000,0x0000007293200000] [id=6460]
  0x00000245832e9800 ConcurrentGCThread "G1 Main Marker" [stack: 0x0000007291400000,0x0000007291500000] [id=716]
  0x00000245832ec800 ConcurrentGCThread "G1 Conc#0" [stack: 0x0000007291500000,0x0000007291600000] [id=16872]
  0x000002458336e800 ConcurrentGCThread "G1 Refine#0" [stack: 0x0000007291600000,0x0000007291700000] [id=23256]
  0x00000245a10c2800 ConcurrentGCThread "G1 Young RemSet Sampling" [stack: 0x0000007291700000,0x0000007291800000] [id=12672]

Threads with active compile tasks:
C2 CompilerThread0     1488 1187       4       java.io.DataInputStream::readUTF (501 bytes)
C2 CompilerThread1     1488 1298   !   4       com.sun.javafx.css.ParsedValueImpl::readBinary (688 bytes)

VM state:at safepoint (normal execution)

VM Mutex/Monitor currently owned by a thread:  ([mutex/lock_event])
[0x00000245832a1740] Threads_lock - owner thread: 0x00000245a125a800
[0x00000245832a1aa0] Heap_lock - owner thread: 0x00000245a1d3a000

Heap address: 0x0000000081600000, size: 2026 MB, Compressed Oops mode: 32-bit
Narrow klass base: 0x0000000000000000, Narrow klass shift: 3
Compressed class space size: 1073741824 Address: 0x0000000100000000

Heap:
 garbage-first heap   total 131072K, used 5591K [0x0000000081600000, 0x0000000100000000)
  region size 1024K, 6 young (6144K), 6 survivors (6144K)
 Metaspace       used 16190K, capacity 16570K, committed 16640K, reserved 1073152K
  class space    used 1818K, capacity 1993K, committed 2048K, reserved 1048576K
Heap Regions: E=young(eden), S=young(survivor), O=old, HS=humongous(starts), HC=humongous(continues), CS=collection set, F=free, A=archive, TAMS=top-at-mark-start (previous, next)
|   0|0x0000000081600000, 0x0000000081610800, 0x0000000081700000|  6%| O|  |TAMS 0x0000000081600000, 0x0000000081610800| Untracked 
|   1|0x0000000081700000, 0x0000000081700000, 0x0000000081800000|  0%| F|  |TAMS 0x0000000081700000, 0x0000000081700000| Untracked 
|   2|0x0000000081800000, 0x0000000081800000, 0x0000000081900000|  0%| F|  |TAMS 0x0000000081800000, 0x0000000081800000| Untracked 
|   3|0x0000000081900000, 0x0000000081900000, 0x0000000081a00000|  0%| F|  |TAMS 0x0000000081900000, 0x0000000081900000| Untracked 
|   4|0x0000000081a00000, 0x0000000081a00000, 0x0000000081b00000|  0%| F|  |TAMS 0x0000000081a00000, 0x0000000081a00000| Untracked 
|   5|0x0000000081b00000, 0x0000000081b00000, 0x0000000081c00000|  0%| F|  |TAMS 0x0000000081b00000, 0x0000000081b00000| Untracked 
|   6|0x0000000081c00000, 0x0000000081c00000, 0x0000000081d00000|  0%| F|  |TAMS 0x0000000081c00000, 0x0000000081c00000| Untracked 
|   7|0x0000000081d00000, 0x0000000081d00000, 0x0000000081e00000|  0%| F|  |TAMS 0x0000000081d00000, 0x0000000081d00000| Untracked 
|   8|0x0000000081e00000, 0x0000000081e00000, 0x0000000081f00000|  0%| F|  |TAMS 0x0000000081e00000, 0x0000000081e00000| Untracked 
|   9|0x0000000081f00000, 0x0000000081f00000, 0x0000000082000000|  0%| F|  |TAMS 0x0000000081f00000, 0x0000000081f00000| Untracked 
|  10|0x0000000082000000, 0x0000000082000000, 0x0000000082100000|  0%| F|  |TAMS 0x0000000082000000, 0x0000000082000000| Untracked 
|  11|0x0000000082100000, 0x0000000082100000, 0x0000000082200000|  0%| F|  |TAMS 0x0000000082100000, 0x0000000082100000| Untracked 
|  12|0x0000000082200000, 0x0000000082200000, 0x0000000082300000|  0%| F|  |TAMS 0x0000000082200000, 0x0000000082200000| Untracked 
|  13|0x0000000082300000, 0x0000000082300000, 0x0000000082400000|  0%| F|  |TAMS 0x0000000082300000, 0x0000000082300000| Untracked 
|  14|0x0000000082400000, 0x0000000082400000, 0x0000000082500000|  0%| F|  |TAMS 0x0000000082400000, 0x0000000082400000| Untracked 
|  15|0x0000000082500000, 0x0000000082500000, 0x0000000082600000|  0%| F|  |TAMS 0x0000000082500000, 0x0000000082500000| Untracked 
|  16|0x0000000082600000, 0x0000000082600000, 0x0000000082700000|  0%| F|  |TAMS 0x0000000082600000, 0x0000000082600000| Untracked 
|  17|0x0000000082700000, 0x0000000082700000, 0x0000000082800000|  0%| F|  |TAMS 0x0000000082700000, 0x0000000082700000| Untracked 
|  18|0x0000000082800000, 0x0000000082800000, 0x0000000082900000|  0%| F|  |TAMS 0x0000000082800000, 0x0000000082800000| Untracked 
|  19|0x0000000082900000, 0x0000000082900000, 0x0000000082a00000|  0%| F|  |TAMS 0x0000000082900000, 0x0000000082900000| Untracked 
|  20|0x0000000082a00000, 0x0000000082a00000, 0x0000000082b00000|  0%| F|  |TAMS 0x0000000082a00000, 0x0000000082a00000| Untracked 
|  21|0x0000000082b00000, 0x0000000082b00000, 0x0000000082c00000|  0%| F|  |TAMS 0x0000000082b00000, 0x0000000082b00000| Untracked 
|  22|0x0000000082c00000, 0x0000000082c00000, 0x0000000082d00000|  0%| F|  |TAMS 0x0000000082c00000, 0x0000000082c00000| Untracked 
|  23|0x0000000082d00000, 0x0000000082d00000, 0x0000000082e00000|  0%| F|  |TAMS 0x0000000082d00000, 0x0000000082d00000| Untracked 
|  24|0x0000000082e00000, 0x0000000082e00000, 0x0000000082f00000|  0%| F|  |TAMS 0x0000000082e00000, 0x0000000082e00000| Untracked 
|  25|0x0000000082f00000, 0x0000000082f00000, 0x0000000083000000|  0%| F|  |TAMS 0x0000000082f00000, 0x0000000082f00000| Untracked 
|  26|0x0000000083000000, 0x0000000083000000, 0x0000000083100000|  0%| F|  |TAMS 0x0000000083000000, 0x0000000083000000| Untracked 
|  27|0x0000000083100000, 0x0000000083100000, 0x0000000083200000|  0%| F|  |TAMS 0x0000000083100000, 0x0000000083100000| Untracked 
|  28|0x0000000083200000, 0x0000000083200000, 0x0000000083300000|  0%| F|  |TAMS 0x0000000083200000, 0x0000000083200000| Untracked 
|  29|0x0000000083300000, 0x0000000083300000, 0x0000000083400000|  0%| F|  |TAMS 0x0000000083300000, 0x0000000083300000| Untracked 
|  30|0x0000000083400000, 0x0000000083400000, 0x0000000083500000|  0%| F|  |TAMS 0x0000000083400000, 0x0000000083400000| Untracked 
|  31|0x0000000083500000, 0x0000000083500000, 0x0000000083600000|  0%| F|  |TAMS 0x0000000083500000, 0x0000000083500000| Untracked 
|  32|0x0000000083600000, 0x0000000083600000, 0x0000000083700000|  0%| F|  |TAMS 0x0000000083600000, 0x0000000083600000| Untracked 
|  33|0x0000000083700000, 0x0000000083700000, 0x0000000083800000|  0%| F|  |TAMS 0x0000000083700000, 0x0000000083700000| Untracked 
|  34|0x0000000083800000, 0x0000000083800000, 0x0000000083900000|  0%| F|  |TAMS 0x0000000083800000, 0x0000000083800000| Untracked 
|  35|0x0000000083900000, 0x0000000083900000, 0x0000000083a00000|  0%| F|  |TAMS 0x0000000083900000, 0x0000000083900000| Untracked 
|  36|0x0000000083a00000, 0x0000000083a00000, 0x0000000083b00000|  0%| F|  |TAMS 0x0000000083a00000, 0x0000000083a00000| Untracked 
|  37|0x0000000083b00000, 0x0000000083b00000, 0x0000000083c00000|  0%| F|  |TAMS 0x0000000083b00000, 0x0000000083b00000| Untracked 
|  38|0x0000000083c00000, 0x0000000083c00000, 0x0000000083d00000|  0%| F|  |TAMS 0x0000000083c00000, 0x0000000083c00000| Untracked 
|  39|0x0000000083d00000, 0x0000000083d00000, 0x0000000083e00000|  0%| F|  |TAMS 0x0000000083d00000, 0x0000000083d00000| Untracked 
|  40|0x0000000083e00000, 0x0000000083e00000, 0x0000000083f00000|  0%| F|  |TAMS 0x0000000083e00000, 0x0000000083e00000| Untracked 
|  41|0x0000000083f00000, 0x0000000083f00000, 0x0000000084000000|  0%| F|  |TAMS 0x0000000083f00000, 0x0000000083f00000| Untracked 
|  42|0x0000000084000000, 0x0000000084000000, 0x0000000084100000|  0%| F|  |TAMS 0x0000000084000000, 0x0000000084000000| Untracked 
|  43|0x0000000084100000, 0x0000000084100000, 0x0000000084200000|  0%| F|  |TAMS 0x0000000084100000, 0x0000000084100000| Untracked 
|  44|0x0000000084200000, 0x0000000084200000, 0x0000000084300000|  0%| F|  |TAMS 0x0000000084200000, 0x0000000084200000| Untracked 
|  45|0x0000000084300000, 0x0000000084300000, 0x0000000084400000|  0%| F|  |TAMS 0x0000000084300000, 0x0000000084300000| Untracked 
|  46|0x0000000084400000, 0x0000000084400000, 0x0000000084500000|  0%| F|  |TAMS 0x0000000084400000, 0x0000000084400000| Untracked 
|  47|0x0000000084500000, 0x0000000084500000, 0x0000000084600000|  0%| F|  |TAMS 0x0000000084500000, 0x0000000084500000| Untracked 
|  48|0x0000000084600000, 0x0000000084600000, 0x0000000084700000|  0%| F|  |TAMS 0x0000000084600000, 0x0000000084600000| Untracked 
|  49|0x0000000084700000, 0x0000000084700000, 0x0000000084800000|  0%| F|  |TAMS 0x0000000084700000, 0x0000000084700000| Untracked 
|  50|0x0000000084800000, 0x0000000084800000, 0x0000000084900000|  0%| F|  |TAMS 0x0000000084800000, 0x0000000084800000| Untracked 
|  51|0x0000000084900000, 0x0000000084900000, 0x0000000084a00000|  0%| F|  |TAMS 0x0000000084900000, 0x0000000084900000| Untracked 
|  52|0x0000000084a00000, 0x0000000084a00000, 0x0000000084b00000|  0%| F|  |TAMS 0x0000000084a00000, 0x0000000084a00000| Untracked 
|  53|0x0000000084b00000, 0x0000000084b00000, 0x0000000084c00000|  0%| F|  |TAMS 0x0000000084b00000, 0x0000000084b00000| Untracked 
|  54|0x0000000084c00000, 0x0000000084c00000, 0x0000000084d00000|  0%| F|  |TAMS 0x0000000084c00000, 0x0000000084c00000| Untracked 
|  55|0x0000000084d00000, 0x0000000084d00000, 0x0000000084e00000|  0%| F|  |TAMS 0x0000000084d00000, 0x0000000084d00000| Untracked 
|  56|0x0000000084e00000, 0x0000000084e00000, 0x0000000084f00000|  0%| F|  |TAMS 0x0000000084e00000, 0x0000000084e00000| Untracked 
|  57|0x0000000084f00000, 0x0000000084f00000, 0x0000000085000000|  0%| F|  |TAMS 0x0000000084f00000, 0x0000000084f00000| Untracked 
|  58|0x0000000085000000, 0x0000000085000000, 0x0000000085100000|  0%| F|  |TAMS 0x0000000085000000, 0x0000000085000000| Untracked 
|  59|0x0000000085100000, 0x0000000085100000, 0x0000000085200000|  0%| F|  |TAMS 0x0000000085100000, 0x0000000085100000| Untracked 
|  60|0x0000000085200000, 0x0000000085200000, 0x0000000085300000|  0%| F|  |TAMS 0x0000000085200000, 0x0000000085200000| Untracked 
|  61|0x0000000085300000, 0x0000000085300000, 0x0000000085400000|  0%| F|  |TAMS 0x0000000085300000, 0x0000000085300000| Untracked 
|  62|0x0000000085400000, 0x0000000085400000, 0x0000000085500000|  0%| F|  |TAMS 0x0000000085400000, 0x0000000085400000| Untracked 
|  63|0x0000000085500000, 0x0000000085500000, 0x0000000085600000|  0%| F|  |TAMS 0x0000000085500000, 0x0000000085500000| Untracked 
|  64|0x0000000085600000, 0x0000000085600000, 0x0000000085700000|  0%| F|  |TAMS 0x0000000085600000, 0x0000000085600000| Untracked 
|  65|0x0000000085700000, 0x0000000085700000, 0x0000000085800000|  0%| F|  |TAMS 0x0000000085700000, 0x0000000085700000| Untracked 
|  66|0x0000000085800000, 0x0000000085800000, 0x0000000085900000|  0%| F|  |TAMS 0x0000000085800000, 0x0000000085800000| Untracked 
|  67|0x0000000085900000, 0x0000000085900000, 0x0000000085a00000|  0%| F|  |TAMS 0x0000000085900000, 0x0000000085900000| Untracked 
|  68|0x0000000085a00000, 0x0000000085a00000, 0x0000000085b00000|  0%| F|  |TAMS 0x0000000085a00000, 0x0000000085a00000| Untracked 
|  69|0x0000000085b00000, 0x0000000085b00000, 0x0000000085c00000|  0%| F|  |TAMS 0x0000000085b00000, 0x0000000085b00000| Untracked 
|  70|0x0000000085c00000, 0x0000000085c00000, 0x0000000085d00000|  0%| F|  |TAMS 0x0000000085c00000, 0x0000000085c00000| Untracked 
|  71|0x0000000085d00000, 0x0000000085d00000, 0x0000000085e00000|  0%| F|  |TAMS 0x0000000085d00000, 0x0000000085d00000| Untracked 
|  72|0x0000000085e00000, 0x0000000085e00000, 0x0000000085f00000|  0%| F|  |TAMS 0x0000000085e00000, 0x0000000085e00000| Untracked 
|  73|0x0000000085f00000, 0x0000000085f00000, 0x0000000086000000|  0%| F|  |TAMS 0x0000000085f00000, 0x0000000085f00000| Untracked 
|  74|0x0000000086000000, 0x0000000086000000, 0x0000000086100000|  0%| F|  |TAMS 0x0000000086000000, 0x0000000086000000| Untracked 
|  75|0x0000000086100000, 0x0000000086100000, 0x0000000086200000|  0%| F|  |TAMS 0x0000000086100000, 0x0000000086100000| Untracked 
|  76|0x0000000086200000, 0x0000000086200000, 0x0000000086300000|  0%| F|  |TAMS 0x0000000086200000, 0x0000000086200000| Untracked 
|  77|0x0000000086300000, 0x0000000086300000, 0x0000000086400000|  0%| F|  |TAMS 0x0000000086300000, 0x0000000086300000| Untracked 
|  78|0x0000000086400000, 0x0000000086400000, 0x0000000086500000|  0%| F|  |TAMS 0x0000000086400000, 0x0000000086400000| Untracked 
|  79|0x0000000086500000, 0x0000000086500000, 0x0000000086600000|  0%| F|  |TAMS 0x0000000086500000, 0x0000000086500000| Untracked 
|  80|0x0000000086600000, 0x0000000086600000, 0x0000000086700000|  0%| F|  |TAMS 0x0000000086600000, 0x0000000086600000| Untracked 
|  81|0x0000000086700000, 0x0000000086700000, 0x0000000086800000|  0%| F|  |TAMS 0x0000000086700000, 0x0000000086700000| Untracked 
|  82|0x0000000086800000, 0x0000000086800000, 0x0000000086900000|  0%| F|  |TAMS 0x0000000086800000, 0x0000000086800000| Untracked 
|  83|0x0000000086900000, 0x0000000086900000, 0x0000000086a00000|  0%| F|  |TAMS 0x0000000086900000, 0x0000000086900000| Untracked 
|  84|0x0000000086a00000, 0x0000000086a00000, 0x0000000086b00000|  0%| F|  |TAMS 0x0000000086a00000, 0x0000000086a00000| Untracked 
|  85|0x0000000086b00000, 0x0000000086b00000, 0x0000000086c00000|  0%| F|  |TAMS 0x0000000086b00000, 0x0000000086b00000| Untracked 
|  86|0x0000000086c00000, 0x0000000086c00000, 0x0000000086d00000|  0%| F|  |TAMS 0x0000000086c00000, 0x0000000086c00000| Untracked 
|  87|0x0000000086d00000, 0x0000000086d00000, 0x0000000086e00000|  0%| F|  |TAMS 0x0000000086d00000, 0x0000000086d00000| Untracked 
|  88|0x0000000086e00000, 0x0000000086e00000, 0x0000000086f00000|  0%| F|  |TAMS 0x0000000086e00000, 0x0000000086e00000| Untracked 
|  89|0x0000000086f00000, 0x0000000086f00000, 0x0000000087000000|  0%| F|  |TAMS 0x0000000086f00000, 0x0000000086f00000| Untracked 
|  90|0x0000000087000000, 0x0000000087000000, 0x0000000087100000|  0%| F|  |TAMS 0x0000000087000000, 0x0000000087000000| Untracked 
|  91|0x0000000087100000, 0x0000000087100000, 0x0000000087200000|  0%| F|  |TAMS 0x0000000087100000, 0x0000000087100000| Untracked 
|  92|0x0000000087200000, 0x0000000087200000, 0x0000000087300000|  0%| F|  |TAMS 0x0000000087200000, 0x0000000087200000| Untracked 
|  93|0x0000000087300000, 0x0000000087300000, 0x0000000087400000|  0%| F|  |TAMS 0x0000000087300000, 0x0000000087300000| Untracked 
|  94|0x0000000087400000, 0x0000000087400000, 0x0000000087500000|  0%| F|  |TAMS 0x0000000087400000, 0x0000000087400000| Untracked 
|  95|0x0000000087500000, 0x0000000087500000, 0x0000000087600000|  0%| F|  |TAMS 0x0000000087500000, 0x0000000087500000| Untracked 
|  96|0x0000000087600000, 0x0000000087600000, 0x0000000087700000|  0%| F|  |TAMS 0x0000000087600000, 0x0000000087600000| Untracked 
|  97|0x0000000087700000, 0x0000000087700000, 0x0000000087800000|  0%| F|  |TAMS 0x0000000087700000, 0x0000000087700000| Untracked 
|  98|0x0000000087800000, 0x0000000087800000, 0x0000000087900000|  0%| F|  |TAMS 0x0000000087800000, 0x0000000087800000| Untracked 
|  99|0x0000000087900000, 0x0000000087900000, 0x0000000087a00000|  0%| F|  |TAMS 0x0000000087900000, 0x0000000087900000| Untracked 
| 100|0x0000000087a00000, 0x0000000087a00000, 0x0000000087b00000|  0%| F|  |TAMS 0x0000000087a00000, 0x0000000087a00000| Untracked 
| 101|0x0000000087b00000, 0x0000000087b00000, 0x0000000087c00000|  0%| F|  |TAMS 0x0000000087b00000, 0x0000000087b00000| Untracked 
| 102|0x0000000087c00000, 0x0000000087c00000, 0x0000000087d00000|  0%| F|  |TAMS 0x0000000087c00000, 0x0000000087c00000| Untracked 
| 103|0x0000000087d00000, 0x0000000087d00000, 0x0000000087e00000|  0%| F|  |TAMS 0x0000000087d00000, 0x0000000087d00000| Untracked 
| 104|0x0000000087e00000, 0x0000000087e00000, 0x0000000087f00000|  0%| F|  |TAMS 0x0000000087e00000, 0x0000000087e00000| Untracked 
| 105|0x0000000087f00000, 0x0000000087f00000, 0x0000000088000000|  0%| F|  |TAMS 0x0000000087f00000, 0x0000000087f00000| Untracked 
| 106|0x0000000088000000, 0x0000000088000000, 0x0000000088100000|  0%| F|  |TAMS 0x0000000088000000, 0x0000000088000000| Untracked 
| 107|0x0000000088100000, 0x0000000088100000, 0x0000000088200000|  0%| F|  |TAMS 0x0000000088100000, 0x0000000088100000| Untracked 
| 108|0x0000000088200000, 0x0000000088265758, 0x0000000088300000| 39%| S|CS|TAMS 0x0000000088200000, 0x0000000088200000| Complete 
| 109|0x0000000088300000, 0x0000000088400000, 0x0000000088400000|100%| S|CS|TAMS 0x0000000088300000, 0x0000000088300000| Complete 
| 110|0x0000000088400000, 0x0000000088500000, 0x0000000088500000|100%| S|CS|TAMS 0x0000000088400000, 0x0000000088400000| Complete 
| 111|0x0000000088500000, 0x0000000088600000, 0x0000000088600000|100%| S|CS|TAMS 0x0000000088500000, 0x0000000088500000| Complete 
| 112|0x0000000088600000, 0x0000000088700000, 0x0000000088700000|100%| S|CS|TAMS 0x0000000088600000, 0x0000000088600000| Complete 
| 113|0x0000000088700000, 0x0000000088800000, 0x0000000088800000|100%| S|CS|TAMS 0x0000000088700000, 0x0000000088700000| Complete 
| 114|0x0000000088800000, 0x0000000088800000, 0x0000000088900000|  0%| F|  |TAMS 0x0000000088800000, 0x0000000088800000| Untracked 
| 115|0x0000000088900000, 0x0000000088900000, 0x0000000088a00000|  0%| F|  |TAMS 0x0000000088900000, 0x0000000088900000| Untracked 
| 116|0x0000000088a00000, 0x0000000088a00000, 0x0000000088b00000|  0%| F|  |TAMS 0x0000000088a00000, 0x0000000088a00000| Untracked 
| 117|0x0000000088b00000, 0x0000000088b00000, 0x0000000088c00000|  0%| F|  |TAMS 0x0000000088b00000, 0x0000000088b00000| Untracked 
| 118|0x0000000088c00000, 0x0000000088c00000, 0x0000000088d00000|  0%| F|  |TAMS 0x0000000088c00000, 0x0000000088c00000| Untracked 
| 119|0x0000000088d00000, 0x0000000088d00000, 0x0000000088e00000|  0%| F|  |TAMS 0x0000000088d00000, 0x0000000088d00000| Untracked 
| 120|0x0000000088e00000, 0x0000000088e00000, 0x0000000088f00000|  0%| F|  |TAMS 0x0000000088e00000, 0x0000000088e00000| Untracked 
| 121|0x0000000088f00000, 0x0000000088f00000, 0x0000000089000000|  0%| F|  |TAMS 0x0000000088f00000, 0x0000000088f00000| Untracked 
| 122|0x0000000089000000, 0x0000000089000000, 0x0000000089100000|  0%| F|  |TAMS 0x0000000089000000, 0x0000000089000000| Untracked 
| 123|0x0000000089100000, 0x0000000089100000, 0x0000000089200000|  0%| F|  |TAMS 0x0000000089100000, 0x0000000089100000| Untracked 
| 124|0x0000000089200000, 0x0000000089200000, 0x0000000089300000|  0%| F|  |TAMS 0x0000000089200000, 0x0000000089200000| Untracked 
| 125|0x0000000089300000, 0x0000000089300000, 0x0000000089400000|  0%| F|  |TAMS 0x0000000089300000, 0x0000000089300000| Untracked 
| 126|0x0000000089400000, 0x0000000089400000, 0x0000000089500000|  0%| F|  |TAMS 0x0000000089400000, 0x0000000089400000| Untracked 
| 127|0x0000000089500000, 0x0000000089500000, 0x0000000089600000|  0%| F|  |TAMS 0x0000000089500000, 0x0000000089500000| Untracked 

Card table byte_map: [0x000002459a0a0000,0x000002459a4a0000] _byte_map_base: 0x0000024599c95000

Marking Bits (Prev, Next): (CMBitMap*) 0x00000245832dfe88, (CMBitMap*) 0x00000245832dfec0
 Prev Bits: [0x000002459a8a0000, 0x000002459c848000)
 Next Bits: [0x000002459c850000, 0x000002459e7f8000)

Polling page: 0x0000024582a70000

Metaspace:

Usage:
  Non-class:     14.24 MB capacity,    14.04 MB ( 99%) used,   158.77 KB (  1%) free+waste,    46.31 KB ( <1%) overhead. 
      Class:      1.95 MB capacity,     1.78 MB ( 91%) used,   149.60 KB (  8%) free+waste,    24.44 KB (  1%) overhead. 
       Both:     16.18 MB capacity,    15.81 MB ( 98%) used,   308.38 KB (  2%) free+waste,    70.75 KB ( <1%) overhead. 

Virtual space:
  Non-class space:       24.00 MB reserved,      14.25 MB ( 59%) committed 
      Class space:        1.00 GB reserved,       2.00 MB ( <1%) committed 
             Both:        1.02 GB reserved,      16.25 MB (  2%) committed 

Chunk freelists:
   Non-Class:  1.88 KB
       Class:  0 bytes
        Both:  1.88 KB

CodeHeap 'non-profiled nmethods': size=120000Kb used=439Kb max_used=439Kb free=119560Kb
 bounds [0x0000024592440000, 0x00000245926b0000, 0x0000024599970000]
CodeHeap 'profiled nmethods': size=120000Kb used=2288Kb max_used=2288Kb free=117711Kb
 bounds [0x000002458af10000, 0x000002458b180000, 0x0000024592440000]
CodeHeap 'non-nmethods': size=5760Kb used=1202Kb max_used=1202Kb free=4557Kb
 bounds [0x000002458a970000, 0x000002458abe0000, 0x000002458af10000]
 total_blobs=1889 nmethods=1317 adapters=484
 compilation: enabled
              stopped_count=0, restarted_count=0
 full_count=0

Compilation events (10 events):
Event: 1.340 Thread 0x00000245a1be7000 nmethod 1241 0x000002458b11c290 code [0x000002458b11c460, 0x000002458b11c758]
Event: 1.340 Thread 0x00000245a2c43800 nmethod 1224 0x00000245924a8110 code [0x00000245924a82a0, 0x00000245924a8678]
Event: 1.340 Thread 0x00000245a2c43800 1240       4       java.io.DataInputStream::readShort (40 bytes)
Event: 1.342 Thread 0x00000245a1be7000 1243   !   3       com.sun.javafx.css.ParsedValueImpl::readBinary (688 bytes)
Event: 1.350 Thread 0x00000245a1be7000 nmethod 1243 0x000002458b11c890 code [0x000002458b11d000, 0x000002458b1211b8]
Event: 1.350 Thread 0x00000245a1be7000 1252       3       java.util.HashMap::putVal (300 bytes)
Event: 1.352 Thread 0x00000245a1be7000 nmethod 1252 0x000002458b122a90 code [0x000002458b122d40, 0x000002458b123e78]
Event: 1.352 Thread 0x00000245a1be7000 1257       3       java.util.HashMap::put (13 bytes)
Event: 1.353 Thread 0x00000245a1be7000 nmethod 1257 0x000002458b124310 code [0x000002458b1244c0, 0x000002458b1247b8]
Event: 1.353 Thread 0x00000245a1be7000 1247       3       com.sun.javafx.css.ParsedValueImpl::getContainsLookupsFlag (219 bytes)

GC Heap History (2 events):
Event: 1.069 GC heap before
{Heap before GC invocations=0 (full 0):
 garbage-first heap   total 131072K, used 23552K [0x0000000081600000, 0x0000000100000000)
  region size 1024K, 24 young (24576K), 0 survivors (0K)
 Metaspace       used 12792K, capacity 13081K, committed 13312K, reserved 1060864K
  class space    used 1351K, capacity 1487K, committed 1536K, reserved 1048576K
}
Event: 1.077 GC heap after
{Heap after GC invocations=1 (full 0):
 garbage-first heap   total 131072K, used 3138K [0x0000000081600000, 0x0000000100000000)
  region size 1024K, 3 young (3072K), 3 survivors (3072K)
 Metaspace       used 12792K, capacity 13081K, committed 13312K, reserved 1060864K
  class space    used 1351K, capacity 1487K, committed 1536K, reserved 1048576K
}

Deoptimization events (10 events):
Event: 0.959 Thread 0x00000245a1d3a000 Uncommon trap: reason=class_check action=maybe_recompile pc=0x00000245924584f8 method=java.util.HashMap.putVal(ILjava/lang/Object;Ljava/lang/Object;ZZ)Ljava/lang/Object; @ 91 c2
Event: 1.205 Thread 0x00000245a1d3a000 Uncommon trap: reason=unstable_if action=reinterpret pc=0x000002459248b9c4 method=jdk.internal.org.objectweb.asm.Frame.execute(IILjdk/internal/org/objectweb/asm/ClassWriter;Ljdk/internal/org/objectweb/asm/Item;)V @ 1 c2
Event: 1.209 Thread 0x00000245a1d3a000 Uncommon trap: reason=unstable_if action=reinterpret pc=0x000002459244e9b4 method=java.lang.StringLatin1.canEncode(I)Z @ 4 c2
Event: 1.334 Thread 0x00000245a1d3a000 Uncommon trap: reason=class_check action=maybe_recompile pc=0x00000245924a6e54 method=java.io.DataInputStream.readShort()S @ 4 c2
Event: 1.334 Thread 0x00000245a1d3a000 Uncommon trap: reason=class_check action=maybe_recompile pc=0x00000245924a6e54 method=java.io.DataInputStream.readShort()S @ 4 c2
Event: 1.334 Thread 0x00000245a1d3a000 Uncommon trap: reason=class_check action=maybe_recompile pc=0x00000245924a6e54 method=java.io.DataInputStream.readShort()S @ 4 c2
Event: 1.337 Thread 0x00000245a1d3a000 Uncommon trap: reason=class_check action=maybe_recompile pc=0x00000245924a6e54 method=java.io.DataInputStream.readShort()S @ 4 c2
Event: 1.346 Thread 0x00000245a1d3a000 Uncommon trap: reason=unstable_if action=reinterpret pc=0x0000024592494454 method=java.util.HashMap.putVal(ILjava/lang/Object;Ljava/lang/Object;ZZ)Ljava/lang/Object; @ 162 c2
Event: 1.346 Thread 0x00000245a1d3a000 Uncommon trap: reason=unstable_if action=reinterpret pc=0x000002459249674c method=java.util.HashMap.putVal(ILjava/lang/Object;Ljava/lang/Object;ZZ)Ljava/lang/Object; @ 162 c2
Event: 1.349 Thread 0x00000245a1d3a000 Uncommon trap: reason=unstable_if action=reinterpret pc=0x000002459249fc30 method=java.util.HashMap.resize()[Ljava/util/HashMap$Node; @ 203 c2

Classes redefined (0 events):
No events

Internal exceptions (10 events):
Event: 1.138 Thread 0x00000245a1d3a000 Exception <a 'java/lang/NoSuchMethodError'{0x0000000089394638}: java.lang.invoke.DirectMethodHandle$Holder.invokeStaticInit(Ljava/lang/Object;Ljava/lang/Object;Ljava/lang/Object;Ljava/lang/Object;)Ljava/lang/Object;> (0x0000000089394638) thrown at [./open
Event: 1.139 Thread 0x00000245a1d3a000 Exception <a 'java/lang/NullPointerException'{0x00000000893a20f8}> (0x00000000893a20f8) thrown at [./open/src/hotspot/share/interpreter/linkResolver.cpp, line 1354]
Event: 1.139 Thread 0x00000245a1d3a000 Exception <a 'java/lang/NullPointerException'{0x00000000893a20f8}> (0x00000000893a20f8) thrown at [./open/src/hotspot/share/prims/jvm.cpp, line 1309]
Event: 1.213 Thread 0x00000245a1d3a000 Exception <a 'java/lang/ClassNotFoundException'{0x0000000088f0b088}: com/sun/glass/ui/win/themes> (0x0000000088f0b088) thrown at [./open/src/hotspot/share/prims/jni.cpp, line 632]
Event: 1.214 Thread 0x00000245a1d3a000 Exception <a 'java/lang/ClassNotFoundException'{0x0000000088f16ea0}: com/sun/glass/ui/win/themes_en> (0x0000000088f16ea0) thrown at [./open/src/hotspot/share/prims/jni.cpp, line 632]
Event: 1.215 Thread 0x00000245a1d3a000 Exception <a 'java/lang/ClassNotFoundException'{0x0000000088f1ef28}: com/sun/glass/ui/win/themes_en_US> (0x0000000088f1ef28) thrown at [./open/src/hotspot/share/prims/jni.cpp, line 632]
Event: 1.227 Thread 0x00000245a1d3a000 Exception <a 'java/lang/NoSuchMethodError'{0x0000000088f82308}: java.lang.invoke.DirectMethodHandle$Holder.invokeStatic(Ljava/lang/Object;Ljava/lang/Object;Ljava/lang/Object;Ljava/lang/Object;Ljava/lang/Object;Ljava/lang/Object;Ljava/lang/Object;Ljava/lan
Event: 1.229 Thread 0x00000245a1d3a000 Exception <a 'java/lang/NoSuchMethodError'{0x0000000088fa04a8}: java.lang.invoke.DirectMethodHandle$Holder.invokeStatic(Ljava/lang/Object;Ljava/lang/Object;Ljava/lang/Object;Ljava/lang/Object;Ljava/lang/Object;Ljava/lang/Object;Ljava/lang/Object;Ljava/lan
Event: 1.232 Thread 0x00000245a1d3a000 Exception <a 'java/lang/NoSuchMethodError'{0x0000000088fbf538}: java.lang.invoke.DirectMethodHandle$Holder.invokeStatic(Ljava/lang/Object;Ljava/lang/Object;Ljava/lang/Object;Ljava/lang/Object;Ljava/lang/Object;Ljava/lang/Object;Ljava/lang/Object;Ljava/lan
Event: 1.237 Thread 0x00000245a1d3a000 Exception <a 'java/lang/NoSuchMethodError'{0x0000000088fdfc90}: java.lang.invoke.DirectMethodHandle$Holder.invokeStatic(Ljava/lang/Object;Ljava/lang/Object;Ljava/lang/Object;Ljava/lang/Object;Ljava/lang/Object;Ljava/lang/Object;Ljava/lang/Object;Ljava/lan

Events (10 events):
Event: 1.338 Thread 0x00000245a1d3a000 DEOPT UNPACKING pc=0x000002458a99662f sp=0x00000072927f94b0 mode 2
Event: 1.346 Thread 0x00000245a1d3a000 Uncommon trap: trap_request=0xffffff4d fr.pc=0x0000024592494454 relative=0x0000000000000fb4
Event: 1.346 Thread 0x00000245a1d3a000 DEOPT PACKING pc=0x0000024592494454 sp=0x00000072927f96b0
Event: 1.346 Thread 0x00000245a1d3a000 DEOPT UNPACKING pc=0x000002458a99662f sp=0x00000072927f95f8 mode 2
Event: 1.346 Thread 0x00000245a1d3a000 Uncommon trap: trap_request=0xffffff4d fr.pc=0x000002459249674c relative=0x0000000000000fac
Event: 1.346 Thread 0x00000245a1d3a000 DEOPT PACKING pc=0x000002459249674c sp=0x00000072927f96a0
Event: 1.346 Thread 0x00000245a1d3a000 DEOPT UNPACKING pc=0x000002458a99662f sp=0x00000072927f9660 mode 2
Event: 1.349 Thread 0x00000245a1d3a000 Uncommon trap: trap_request=0xffffff4d fr.pc=0x000002459249fc30 relative=0x0000000000000950
Event: 1.349 Thread 0x00000245a1d3a000 DEOPT PACKING pc=0x000002459249fc30 sp=0x00000072927f9590
Event: 1.349 Thread 0x00000245a1d3a000 DEOPT UNPACKING pc=0x000002458a99662f sp=0x00000072927f9538 mode 2


Dynamic libraries:
0x00007ff633090000 - 0x00007ff6330a0000 	C:\Program Files\Java\jdk-11\bin\java.exe
0x00007ff8d4850000 - 0x00007ff8d4a64000 	C:\WINDOWS\SYSTEM32\ntdll.dll
0x00007ff8a4990000 - 0x00007ff8a49a7000 	C:\Program Files\AVG\Antivirus\aswhook.dll
0x00007ff8d2e20000 - 0x00007ff8d2ee3000 	C:\WINDOWS\System32\KERNEL32.DLL
0x00007ff8d1c90000 - 0x00007ff8d202c000 	C:\WINDOWS\System32\KERNELBASE.dll
0x00007ff8d2100000 - 0x00007ff8d2211000 	C:\WINDOWS\System32\ucrtbase.dll
0x00007ff8ccea0000 - 0x00007ff8cceb8000 	C:\Program Files\Java\jdk-11\bin\jli.dll
0x00007ff8c2bf0000 - 0x00007ff8c2c0b000 	C:\Program Files\Java\jdk-11\bin\VCRUNTIME140.dll
0x00007ff8d2d70000 - 0x00007ff8d2e1e000 	C:\WINDOWS\System32\ADVAPI32.dll
0x00007ff8d4580000 - 0x00007ff8d4627000 	C:\WINDOWS\System32\msvcrt.dll
0x00007ff8d4640000 - 0x00007ff8d46e4000 	C:\WINDOWS\System32\sechost.dll
0x00007ff8d46f0000 - 0x00007ff8d4805000 	C:\WINDOWS\System32\RPCRT4.dll
0x00007ff8d2bc0000 - 0x00007ff8d2d6d000 	C:\WINDOWS\System32\USER32.dll
0x00007ff8d20d0000 - 0x00007ff8d20f6000 	C:\WINDOWS\System32\win32u.dll
0x00007ff8b1a20000 - 0x00007ff8b1cae000 	C:\WINDOWS\WinSxS\amd64_microsoft.windows.common-controls_6595b64144ccf1df_6.0.22621.608_none_a9444ca7c10bb01d\COMCTL32.dll
0x00007ff8d44e0000 - 0x00007ff8d4509000 	C:\WINDOWS\System32\GDI32.dll
0x00007ff8d2290000 - 0x00007ff8d23a2000 	C:\WINDOWS\System32\gdi32full.dll
0x00007ff8d2030000 - 0x00007ff8d20ca000 	C:\WINDOWS\System32\msvcp_win.dll
0x00007ff8c90c0000 - 0x00007ff8c90ca000 	C:\WINDOWS\SYSTEM32\VERSION.dll
0x00007ff8d36e0000 - 0x00007ff8d3712000 	C:\WINDOWS\System32\IMM32.DLL
0x00007ff8c2be0000 - 0x00007ff8c2bec000 	C:\Program Files\Java\jdk-11\bin\vcruntime140_1.dll
0x00007ff8c2b50000 - 0x00007ff8c2bde000 	C:\Program Files\Java\jdk-11\bin\msvcp140.dll
0x00007ff852950000 - 0x00007ff8534b8000 	C:\Program Files\Java\jdk-11\bin\server\jvm.dll
0x00007ff8d4630000 - 0x00007ff8d4638000 	C:\WINDOWS\System32\PSAPI.DLL
0x00007ff8bfe30000 - 0x00007ff8bfe39000 	C:\WINDOWS\SYSTEM32\WSOCK32.dll
0x00007ff8d26c0000 - 0x00007ff8d2731000 	C:\WINDOWS\System32\WS2_32.dll
0x00007ff8c9c50000 - 0x00007ff8c9c84000 	C:\WINDOWS\SYSTEM32\WINMM.dll
0x00007ff8d0ce0000 - 0x00007ff8d0cf8000 	C:\WINDOWS\SYSTEM32\kernel.appcore.dll
0x00007ff8c1830000 - 0x00007ff8c1840000 	C:\Program Files\Java\jdk-11\bin\verify.dll
0x00007ff8cf680000 - 0x00007ff8cf8ae000 	C:\WINDOWS\SYSTEM32\DBGHELP.DLL
0x00007ff8d3bb0000 - 0x00007ff8d3f3a000 	C:\WINDOWS\System32\combase.dll
0x00007ff8d2740000 - 0x00007ff8d2817000 	C:\WINDOWS\System32\OLEAUT32.dll
0x00007ff8c78e0000 - 0x00007ff8c7912000 	C:\WINDOWS\SYSTEM32\dbgcore.DLL
0x00007ff8d2520000 - 0x00007ff8d259b000 	C:\WINDOWS\System32\bcryptPrimitives.dll
0x00007ff8bb4e0000 - 0x00007ff8bb508000 	C:\Program Files\Java\jdk-11\bin\java.dll
0x00007ff8c1640000 - 0x00007ff8c164a000 	C:\Program Files\Java\jdk-11\bin\jimage.dll
0x00007ff8cb1d0000 - 0x00007ff8cb1de000 	C:\Program Files\Java\jdk-11\bin\instrument.dll
0x00007ff8bb4c0000 - 0x00007ff8bb4d7000 	C:\Program Files\Java\jdk-11\bin\zip.dll
0x00007ff8d2ef0000 - 0x00007ff8d36df000 	C:\WINDOWS\System32\SHELL32.dll
0x00007ff8cfcb0000 - 0x00007ff8d0578000 	C:\WINDOWS\SYSTEM32\windows.storage.dll
0x00007ff8cfb70000 - 0x00007ff8cfcae000 	C:\WINDOWS\SYSTEM32\wintypes.dll
0x00007ff8d3740000 - 0x00007ff8d3831000 	C:\WINDOWS\System32\SHCORE.dll
0x00007ff8d3840000 - 0x00007ff8d389e000 	C:\WINDOWS\System32\shlwapi.dll
0x00007ff8d1bc0000 - 0x00007ff8d1be1000 	C:\WINDOWS\SYSTEM32\profapi.dll
0x00007ff8bb3c0000 - 0x00007ff8bb3d9000 	C:\Program Files\Java\jdk-11\bin\net.dll
0x00007ff8c9610000 - 0x00007ff8c973f000 	C:\WINDOWS\SYSTEM32\WINHTTP.dll
0x00007ff8d1150000 - 0x00007ff8d11b9000 	C:\WINDOWS\system32\mswsock.dll
0x00007ff8bb340000 - 0x00007ff8bb352000 	C:\Program Files\Java\jdk-11\bin\nio.dll
0x00007ff8cb1b0000 - 0x00007ff8cb1ca000 	C:\Program Files\JetBrains\IntelliJ IDEA Community Edition 2022.3.2\bin\breakgen64.dll
0x00000245a3780000 - 0x00000245a3783000 	C:\Users\Victor Motta\.openjfx\cache\17.0.2-ea\api-ms-win-core-console-l1-1-0.dll
0x00000245a3790000 - 0x00000245a3793000 	C:\Users\Victor Motta\.openjfx\cache\17.0.2-ea\api-ms-win-core-console-l1-2-0.dll
0x00000245a37a0000 - 0x00000245a37a3000 	C:\Users\Victor Motta\.openjfx\cache\17.0.2-ea\api-ms-win-core-datetime-l1-1-0.dll
0x00000245a37b0000 - 0x00000245a37b3000 	C:\Users\Victor Motta\.openjfx\cache\17.0.2-ea\api-ms-win-core-debug-l1-1-0.dll
0x00000245a37c0000 - 0x00000245a37c3000 	C:\Users\Victor Motta\.openjfx\cache\17.0.2-ea\api-ms-win-core-errorhandling-l1-1-0.dll
0x00000245a37d0000 - 0x00000245a37d4000 	C:\Users\Victor Motta\.openjfx\cache\17.0.2-ea\api-ms-win-core-file-l1-1-0.dll
0x00000245a37e0000 - 0x00000245a37e3000 	C:\Users\Victor Motta\.openjfx\cache\17.0.2-ea\api-ms-win-core-file-l1-2-0.dll
0x00000245a37f0000 - 0x00000245a37f3000 	C:\Users\Victor Motta\.openjfx\cache\17.0.2-ea\api-ms-win-core-file-l2-1-0.dll
0x00000245a3800000 - 0x00000245a3803000 	C:\Users\Victor Motta\.openjfx\cache\17.0.2-ea\api-ms-win-core-handle-l1-1-0.dll
0x00000245a3810000 - 0x00000245a3813000 	C:\Users\Victor Motta\.openjfx\cache\17.0.2-ea\api-ms-win-core-heap-l1-1-0.dll
0x00000245a3820000 - 0x00000245a3823000 	C:\Users\Victor Motta\.openjfx\cache\17.0.2-ea\api-ms-win-core-interlocked-l1-1-0.dll
0x00000245a3830000 - 0x00000245a3833000 	C:\Users\Victor Motta\.openjfx\cache\17.0.2-ea\api-ms-win-core-libraryloader-l1-1-0.dll
0x00000245a3840000 - 0x00000245a3843000 	C:\Users\Victor Motta\.openjfx\cache\17.0.2-ea\api-ms-win-core-localization-l1-2-0.dll
0x00000245a3850000 - 0x00000245a3853000 	C:\Users\Victor Motta\.openjfx\cache\17.0.2-ea\api-ms-win-core-memory-l1-1-0.dll
0x00000245a3860000 - 0x00000245a3863000 	C:\Users\Victor Motta\.openjfx\cache\17.0.2-ea\api-ms-win-core-namedpipe-l1-1-0.dll
0x00000245a3870000 - 0x00000245a3873000 	C:\Users\Victor Motta\.openjfx\cache\17.0.2-ea\api-ms-win-core-processenvironment-l1-1-0.dll
0x00000245a3880000 - 0x00000245a3883000 	C:\Users\Victor Motta\.openjfx\cache\17.0.2-ea\api-ms-win-core-processthreads-l1-1-0.dll
0x00000245a3890000 - 0x00000245a3893000 	C:\Users\Victor Motta\.openjfx\cache\17.0.2-ea\api-ms-win-core-processthreads-l1-1-1.dll
0x00000245a38a0000 - 0x00000245a38a3000 	C:\Users\Victor Motta\.openjfx\cache\17.0.2-ea\api-ms-win-core-profile-l1-1-0.dll
0x00000245a38b0000 - 0x00000245a38b3000 	C:\Users\Victor Motta\.openjfx\cache\17.0.2-ea\api-ms-win-core-rtlsupport-l1-1-0.dll
0x00000245a38c0000 - 0x00000245a38c3000 	C:\Users\Victor Motta\.openjfx\cache\17.0.2-ea\api-ms-win-core-string-l1-1-0.dll
0x00000245a38d0000 - 0x00000245a38d3000 	C:\Users\Victor Motta\.openjfx\cache\17.0.2-ea\api-ms-win-core-synch-l1-1-0.dll
0x00000245a38e0000 - 0x00000245a38e3000 	C:\Users\Victor Motta\.openjfx\cache\17.0.2-ea\api-ms-win-core-synch-l1-2-0.dll
0x00000245a38f0000 - 0x00000245a38f3000 	C:\Users\Victor Motta\.openjfx\cache\17.0.2-ea\api-ms-win-core-sysinfo-l1-1-0.dll
0x00000245a3900000 - 0x00000245a3903000 	C:\Users\Victor Motta\.openjfx\cache\17.0.2-ea\api-ms-win-core-timezone-l1-1-0.dll
0x00000245a3910000 - 0x00000245a3913000 	C:\Users\Victor Motta\.openjfx\cache\17.0.2-ea\api-ms-win-core-util-l1-1-0.dll
0x00000245a3920000 - 0x00000245a3923000 	C:\Users\Victor Motta\.openjfx\cache\17.0.2-ea\api-ms-win-crt-conio-l1-1-0.dll
0x00000245a3930000 - 0x00000245a3934000 	C:\Users\Victor Motta\.openjfx\cache\17.0.2-ea\api-ms-win-crt-convert-l1-1-0.dll
0x00000245a3940000 - 0x00000245a3943000 	C:\Users\Victor Motta\.openjfx\cache\17.0.2-ea\api-ms-win-crt-environment-l1-1-0.dll
0x00000245a3950000 - 0x00000245a3953000 	C:\Users\Victor Motta\.openjfx\cache\17.0.2-ea\api-ms-win-crt-filesystem-l1-1-0.dll
0x00000245a3960000 - 0x00000245a3963000 	C:\Users\Victor Motta\.openjfx\cache\17.0.2-ea\api-ms-win-crt-heap-l1-1-0.dll
0x00000245a3970000 - 0x00000245a3973000 	C:\Users\Victor Motta\.openjfx\cache\17.0.2-ea\api-ms-win-crt-locale-l1-1-0.dll
0x00000245a3980000 - 0x00000245a3985000 	C:\Users\Victor Motta\.openjfx\cache\17.0.2-ea\api-ms-win-crt-math-l1-1-0.dll
0x00000245a3990000 - 0x00000245a3995000 	C:\Users\Victor Motta\.openjfx\cache\17.0.2-ea\api-ms-win-crt-multibyte-l1-1-0.dll
0x00000245a39a0000 - 0x00000245a39b0000 	C:\Users\Victor Motta\.openjfx\cache\17.0.2-ea\api-ms-win-crt-private-l1-1-0.dll
0x00000245a39b0000 - 0x00000245a39b3000 	C:\Users\Victor Motta\.openjfx\cache\17.0.2-ea\api-ms-win-crt-process-l1-1-0.dll
0x00000245a39c0000 - 0x00000245a39c4000 	C:\Users\Victor Motta\.openjfx\cache\17.0.2-ea\api-ms-win-crt-runtime-l1-1-0.dll
0x00000245a39d0000 - 0x00000245a39d4000 	C:\Users\Victor Motta\.openjfx\cache\17.0.2-ea\api-ms-win-crt-stdio-l1-1-0.dll
0x00000245a39e0000 - 0x00000245a39e4000 	C:\Users\Victor Motta\.openjfx\cache\17.0.2-ea\api-ms-win-crt-string-l1-1-0.dll
0x00000245a39f0000 - 0x00000245a39f3000 	C:\Users\Victor Motta\.openjfx\cache\17.0.2-ea\api-ms-win-crt-time-l1-1-0.dll
0x00000245a3a00000 - 0x00000245a3a03000 	C:\Users\Victor Motta\.openjfx\cache\17.0.2-ea\api-ms-win-crt-utility-l1-1-0.dll
0x00007ff8baad0000 - 0x00007ff8babcc000 	C:\Users\Victor Motta\.openjfx\cache\17.0.2-ea\ucrtbase.dll
0x00007ff8cea70000 - 0x00007ff8cea8a000 	C:\Users\Victor Motta\.openjfx\cache\17.0.2-ea\vcruntime140.dll
0x00007ff8cec40000 - 0x00007ff8cec4c000 	C:\Users\Victor Motta\.openjfx\cache\17.0.2-ea\vcruntime140_1.dll
0x00007ff8c1d80000 - 0x00007ff8c1e0d000 	C:\Users\Victor Motta\.openjfx\cache\17.0.2-ea\msvcp140.dll
0x00007ff8b9fd0000 - 0x00007ff8b9ffa000 	C:\Users\Victor Motta\.openjfx\cache\17.0.2-ea\prism_d3d.dll
0x00007ff891990000 - 0x00007ff891b39000 	C:\WINDOWS\system32\d3d9.dll
0x00007ff8cf130000 - 0x00007ff8cf15b000 	C:\WINDOWS\SYSTEM32\dwmapi.dll
0x00007ff8cefe0000 - 0x00007ff8cf016000 	C:\WINDOWS\SYSTEM32\dxcore.dll
0x00007ff8ceee0000 - 0x00007ff8cef8b000 	C:\WINDOWS\system32\uxtheme.dll
0x00007ff8a4e70000 - 0x00007ff8a5002000 	C:\WINDOWS\System32\DriverStore\FileRepository\iigd_dch.inf_amd64_08c6076a1ac36ac6\igdumdim64.dll
0x00007ff8c7dd0000 - 0x00007ff8c7f23000 	C:\WINDOWS\System32\DriverStore\FileRepository\iigd_dch.inf_amd64_08c6076a1ac36ac6\igdgmm64.dll
0x00007ff8cbfd0000 - 0x00007ff8cc019000 	C:\WINDOWS\SYSTEM32\directxdatabasehelper.dll
0x00007ff8b9f80000 - 0x00007ff8b9fc2000 	C:\Users\Victor Motta\.openjfx\cache\17.0.2-ea\glass.dll
0x00007ff8d3f40000 - 0x00007ff8d4037000 	C:\WINDOWS\System32\COMDLG32.dll
0x00007ff8d3970000 - 0x00007ff8d3b0c000 	C:\WINDOWS\System32\ole32.dll
0x00007ff8d2820000 - 0x00007ff8d293e000 	C:\WINDOWS\System32\MSCTF.dll
0x00007ff876e20000 - 0x00007ff87aa37000 	C:\WINDOWS\System32\DriverStore\FileRepository\iigd_dch.inf_amd64_08c6076a1ac36ac6\igd9dxva64.dll
0x00007ff8a6850000 - 0x00007ff8a6872000 	C:\WINDOWS\System32\DriverStore\FileRepository\iigd_dch.inf_amd64_08c6076a1ac36ac6\igdinfo64.dll
0x00007ff8c33d0000 - 0x00007ff8c574f000 	C:\WINDOWS\System32\DriverStore\FileRepository\iigd_dch.inf_amd64_08c6076a1ac36ac6\igc64.dll
0x00007ff8cb100000 - 0x00007ff8cb114000 	C:\Users\Victor Motta\.openjfx\cache\17.0.2-ea\javafx_font.dll
0x00007ff8cd820000 - 0x00007ff8cda87000 	C:\WINDOWS\SYSTEM32\dwrite.dll

dbghelp: loaded successfully - version: 4.0.5 - missing functions: none
symbol engine: initialized successfully - sym options: 0x614 - pdb path: .;C:\Program Files\Java\jdk-11\bin;C:\WINDOWS\SYSTEM32;C:\Program Files\AVG\Antivirus;C:\WINDOWS\WinSxS\amd64_microsoft.windows.common-controls_6595b64144ccf1df_6.0.22621.608_none_a9444ca7c10bb01d;C:\Program Files\Java\jdk-11\bin\server;C:\Program Files\JetBrains\IntelliJ IDEA Community Edition 2022.3.2\bin;C:\Users\Victor Motta\.openjfx\cache\17.0.2-ea;C:\WINDOWS\System32\DriverStore\FileRepository\iigd_dch.inf_amd64_08c6076a1ac36ac6

VM Arguments:
jvm_args: -javaagent:C:\Program Files\JetBrains\IntelliJ IDEA Community Edition 2022.3.2\lib\idea_rt.jar=54895:C:\Program Files\JetBrains\IntelliJ IDEA Community Edition 2022.3.2\bin -Dfile.encoding=UTF-8 --module-path=C:\Users\Victor Motta\.m2\repository\org\openjfx\javafx-controls\17.0.2\javafx-controls-17.0.2-win.jar;C:\Users\Victor Motta\IdeaProjects\HangmanGame\target\classes;C:\Users\Victor Motta\.m2\repository\org\openjfx\javafx-fxml\17.0.2\javafx-fxml-17.0.2-win.jar;C:\Users\Victor Motta\.m2\repository\org\openjfx\javafx-graphics\17.0.2\javafx-graphics-17.0.2-win.jar;C:\Users\Victor Motta\.m2\repository\org\openjfx\javafx-base\17.0.2\javafx-base-17.0.2-win.jar -Djdk.module.main=com.example.hangmangame 
java_command: com.example.hangmangame/com.example.hangmangame.HangmanGame
java_class_path (initial): C:\Users\Victor Motta\.m2\repository\org\openjfx\javafx-controls\17.0.2\javafx-controls-17.0.2.jar;C:\Users\Victor Motta\.m2\repository\org\openjfx\javafx-graphics\17.0.2\javafx-graphics-17.0.2.jar;C:\Users\Victor Motta\.m2\repository\org\openjfx\javafx-base\17.0.2\javafx-base-17.0.2.jar;C:\Users\Victor Motta\.m2\repository\org\openjfx\javafx-fxml\17.0.2\javafx-fxml-17.0.2.jar
Launcher Type: SUN_STANDARD

[Global flags]
     intx CICompilerCount                          = 4                                         {product} {ergonomic}
     uint ConcGCThreads                            = 2                                         {product} {ergonomic}
     uint G1ConcRefinementThreads                  = 8                                         {product} {ergonomic}
   size_t G1HeapRegionSize                         = 1048576                                   {product} {ergonomic}
    uintx GCDrainStackTargetSize                   = 64                                        {product} {ergonomic}
   size_t InitialHeapSize                          = 134217728                                 {product} {ergonomic}
   size_t MarkStackSize                            = 4194304                                   {product} {ergonomic}
   size_t MaxHeapSize                              = 2124414976                                {product} {ergonomic}
   size_t MaxNewSize                               = 1274019840                                {product} {ergonomic}
   size_t MinHeapDeltaBytes                        = 1048576                                   {product} {ergonomic}
    uintx NonNMethodCodeHeapSize                   = 5836300                                {pd product} {ergonomic}
    uintx NonProfiledCodeHeapSize                  = 122910970                              {pd product} {ergonomic}
    uintx ProfiledCodeHeapSize                     = 122910970                              {pd product} {ergonomic}
    uintx ReservedCodeCacheSize                    = 251658240                              {pd product} {ergonomic}
     bool SegmentedCodeCache                       = true                                      {product} {ergonomic}
     bool UseCompressedClassPointers               = true                                 {lp64_product} {ergonomic}
     bool UseCompressedOops                        = true                                 {lp64_product} {ergonomic}
     bool UseG1GC                                  = true                                      {product} {ergonomic}
     bool UseLargePagesIndividualAllocation        = false                                  {pd product} {ergonomic}

Logging:
Log output configuration:
 #0: stdout all=warning uptime,level,tags
 #1: stderr all=off uptime,level,tags

Environment Variables:
JAVA_HOME=C:\Program Files\Java\jdk-11.0.8
PATH=C:\Program Files\Common Files\Oracle\Java\javapath;C:\Program Files (x86)\Intel\Intel(R) Management Engine Components\iCLS\;C:\Program Files\Intel\Intel(R) Management Engine Components\iCLS\;C:\WINDOWS\system32;C:\WINDOWS;C:\WINDOWS\System32\Wbem;C:\WINDOWS\System32\WindowsPowerShell\v1.0\;C:\WINDOWS\System32\OpenSSH\;C:\Program Files (x86)\Intel\Intel(R) Management Engine Components\DAL;C:\Program Files\Intel\Intel(R) Management Engine Components\DAL;C:\Program Files (x86)\Intel\Intel(R) Management Engine Components\IPT;C:\Program Files\Intel\Intel(R) Management Engine Components\IPT;C:\MinGW\bin;C:\Program Files\Git\cmd;C:\Program Files\dotnet\;C:\Program Files\Microsoft SQL Server\150\Tools\Binn\;C:\Program Files\Microsoft SQL Server\Client SDK\ODBC\170\Tools\Binn\;C:\WINDOWS\system32;C:\WINDOWS;C:\WINDOWS\System32\Wbem;C:\WINDOWS\System32\WindowsPowerShell\v1.0\;C:\WINDOWS\System32\OpenSSH\;C:\Users\Victor Motta\AppData\Local\Programs\Python\Python38\Scripts\;C:\Users\Victor Motta\AppData\Local\Programs\Python\Python38\;C:\Users\Victor Motta\AppData\Local\Microsoft\WindowsApps;C:\Users\Victor Motta\AppData\Local\Programs\Microsoft VS Code\bin;C:\Users\Victor Motta\.dotnet\tools;C:\xampp\php;C:\Program Files\JetBrains\IntelliJ IDEA Community Edition 2022.3.2\bin;;C:\Users\Victor Motta\AppData\Local\GitHubDesktop\bin
USERNAME=Victor Motta
OS=Windows_NT
PROCESSOR_IDENTIFIER=Intel64 Family 6 Model 142 Stepping 10, GenuineIntel



---------------  S Y S T E M  ---------------

OS: Windows 11 , 64 bit Build 22621 (10.0.22621.1194)

CPU:total 8 (initial active 8) (4 cores per cpu, 2 threads per core) family 6 model 142 stepping 10 microcode 0xe0, cmov, cx8, fxsr, mmx, sse, sse2, sse3, ssse3, sse4.1, sse4.2, popcnt, avx, avx2, aes, clmul, erms, 3dnowpref, lzcnt, ht, tsc, tscinvbit, bmi1, bmi2, adx, fma

Memory: 4k page, system-wide physical 8101M (398M free)
TotalPageFile size 12101M (AvailPageFile size 3M)
current process WorkingSet (physical memory assigned to process): 114M, peak: 114M
current process commit charge ("private bytes"): 257M, peak: 258M

vm_info: Java HotSpot(TM) 64-Bit Server VM (11.0.18+9-LTS-195) for windows-amd64 JRE (11.0.18+9-LTS-195), built on Dec  6 2022 15:50:58 by "mach5one" with MS VC++ 17.1 (VS2022)

END.
